This file contains any messages produced by compilers while
running configure, to aid debugging if configure makes a mistake.

It was created by sparsehash configure 2.0.2, which was
generated by GNU Autoconf 2.69.  Invocation command line was

  $ ./configure 

## --------- ##
## Platform. ##
## --------- ##

hostname = MBP.local
uname -m = x86_64
uname -r = 18.2.0
uname -s = Darwin
uname -v = Darwin Kernel Version 18.2.0: Fri Oct  5 19:41:49 PDT 2018; root:xnu-4903.221.2~2/RELEASE_X86_64

/usr/bin/uname -p = i386
/bin/uname -X     = unknown

/bin/arch              = unknown
/usr/bin/arch -k       = unknown
/usr/convex/getsysinfo = unknown
/usr/bin/hostinfo      = Mach kernel version:
	 Darwin Kernel Version 18.2.0: Fri Oct  5 19:41:49 PDT 2018; root:xnu-4903.221.2~2/RELEASE_X86_64
Kernel configured for up to 4 processors.
2 processors are physically available.
4 processors are logically available.
Processor type: x86_64h (Intel x86-64h Haswell)
Processors active: 0 1 2 3
Primary memory available: 8.00 gigabytes
Default processor set: 360 tasks, 1485 threads, 4 processors
Load average: 1.60, Mach factor: 2.44
/bin/machine           = unknown
/usr/bin/oslevel       = unknown
/bin/universe          = unknown

PATH: /usr/local/opt/icu4c/sbin
PATH: /usr/local/opt/icu4c/bin
PATH: /usr/local/opt/icu4c/sbin
PATH: /usr/local/opt/icu4c/bin
PATH: /Users/bovenson/.rvm/gems/ruby-2.4.1/bin
PATH: /Users/bovenson/.rvm/gems/ruby-2.4.1@global/bin
PATH: /Users/bovenson/.rvm/rubies/ruby-2.4.1/bin
PATH: /usr/local/opt/openssl@1.1/bin
PATH: /usr/local/sbin
PATH: /Users/bovenson/anaconda3/bin
PATH: /usr/local/bin
PATH: /usr/bin
PATH: /bin
PATH: /usr/sbin
PATH: /sbin
PATH: /Users/bovenson/Git/notes/Mac/Script
PATH: /opt/X11/bin
PATH: /opt/Arcanist/arcanist/bin
PATH: /Library/Java/JavaVirtualMachines/jdk1.8.0_151.jdk/Contents/Home/bin
PATH: /Users/bovenson/.rvm/bin


## ----------- ##
## Core tests. ##
## ----------- ##

configure:2450: checking for a BSD-compatible install
configure:2518: result: /usr/local/bin/ginstall -c
configure:2529: checking whether build environment is sane
configure:2584: result: yes
configure:2735: checking for a thread-safe mkdir -p
configure:2774: result: /usr/local/bin/gmkdir -p
configure:2781: checking for gawk
configure:2811: result: no
configure:2781: checking for mawk
configure:2811: result: no
configure:2781: checking for nawk
configure:2811: result: no
configure:2781: checking for awk
configure:2797: found /usr/bin/awk
configure:2808: result: awk
configure:2819: checking whether make sets $(MAKE)
configure:2841: result: yes
configure:2870: checking whether make supports nested variables
configure:2887: result: yes
configure:3075: checking for g++
configure:3091: found /usr/bin/g++
configure:3102: result: g++
configure:3129: checking for C++ compiler version
configure:3138: g++ --version >&5
Apple LLVM version 9.0.0 (clang-900.0.39.2)
Target: x86_64-apple-darwin18.2.0
Thread model: posix
InstalledDir: /Applications/Xcode.app/Contents/Developer/Toolchains/XcodeDefault.xctoolchain/usr/bin
Configured with: --prefix=/Applications/Xcode.app/Contents/Developer/usr --with-gxx-include-dir=/Applications/Xcode.app/Contents/Developer/Platforms/MacOSX.platform/Developer/SDKs/MacOSX10.13.sdk/usr/include/c++/4.2.1
configure:3149: $? = 0
configure:3138: g++ -v >&5
Configured with: --prefix=/Applications/Xcode.app/Contents/Developer/usr --with-gxx-include-dir=/Applications/Xcode.app/Contents/Developer/Platforms/MacOSX.platform/Developer/SDKs/MacOSX10.13.sdk/usr/include/c++/4.2.1
Apple LLVM version 9.0.0 (clang-900.0.39.2)
Target: x86_64-apple-darwin18.2.0
Thread model: posix
InstalledDir: /Applications/Xcode.app/Contents/Developer/Toolchains/XcodeDefault.xctoolchain/usr/bin
configure:3149: $? = 0
configure:3138: g++ -V >&5
clang: error: argument to '-V' is missing (expected 1 value)
clang: error: no input files
configure:3149: $? = 1
configure:3138: g++ -qversion >&5
clang: error: unknown argument: '-qversion'
clang: error: no input files
configure:3149: $? = 1
configure:3169: checking whether the C++ compiler works
configure:3191: g++    conftest.cpp  >&5
configure:3195: $? = 0
configure:3243: result: yes
configure:3246: checking for C++ compiler default output file name
configure:3248: result: a.out
configure:3254: checking for suffix of executables
configure:3261: g++ -o conftest    conftest.cpp  >&5
configure:3265: $? = 0
configure:3287: result: 
configure:3309: checking whether we are cross compiling
configure:3317: g++ -o conftest    conftest.cpp  >&5
configure:3321: $? = 0
configure:3328: ./conftest
configure:3332: $? = 0
configure:3347: result: no
configure:3352: checking for suffix of object files
configure:3374: g++ -c   conftest.cpp >&5
configure:3378: $? = 0
configure:3399: result: o
configure:3403: checking whether we are using the GNU C++ compiler
configure:3422: g++ -c   conftest.cpp >&5
configure:3422: $? = 0
configure:3431: result: yes
configure:3440: checking whether g++ accepts -g
configure:3460: g++ -c -g  conftest.cpp >&5
configure:3460: $? = 0
configure:3501: result: yes
configure:3527: checking whether make supports the include directive
configure:3542: make -f confmf.GNU && cat confinc.out
this is the am__doit target
configure:3545: $? = 0
configure:3564: result: yes (GNU style)
configure:3589: checking dependency style of g++
configure:3700: result: gcc3
configure:3763: checking for gcc
configure:3779: found /usr/bin/gcc
configure:3790: result: gcc
configure:4019: checking for C compiler version
configure:4028: gcc --version >&5
Apple LLVM version 9.0.0 (clang-900.0.39.2)
Target: x86_64-apple-darwin18.2.0
Thread model: posix
InstalledDir: /Applications/Xcode.app/Contents/Developer/Toolchains/XcodeDefault.xctoolchain/usr/bin
Configured with: --prefix=/Applications/Xcode.app/Contents/Developer/usr --with-gxx-include-dir=/Applications/Xcode.app/Contents/Developer/Platforms/MacOSX.platform/Developer/SDKs/MacOSX10.13.sdk/usr/include/c++/4.2.1
configure:4039: $? = 0
configure:4028: gcc -v >&5
Configured with: --prefix=/Applications/Xcode.app/Contents/Developer/usr --with-gxx-include-dir=/Applications/Xcode.app/Contents/Developer/Platforms/MacOSX.platform/Developer/SDKs/MacOSX10.13.sdk/usr/include/c++/4.2.1
Apple LLVM version 9.0.0 (clang-900.0.39.2)
Target: x86_64-apple-darwin18.2.0
Thread model: posix
InstalledDir: /Applications/Xcode.app/Contents/Developer/Toolchains/XcodeDefault.xctoolchain/usr/bin
configure:4039: $? = 0
configure:4028: gcc -V >&5
clang: error: argument to '-V' is missing (expected 1 value)
clang: error: no input files
configure:4039: $? = 1
configure:4028: gcc -qversion >&5
clang: error: unknown argument: '-qversion'
clang: error: no input files
configure:4039: $? = 1
configure:4043: checking whether we are using the GNU C compiler
configure:4062: gcc -c   conftest.c >&5
configure:4062: $? = 0
configure:4071: result: yes
configure:4080: checking whether gcc accepts -g
configure:4100: gcc -c -g  conftest.c >&5
configure:4100: $? = 0
configure:4141: result: yes
configure:4158: checking for gcc option to accept ISO C89
configure:4221: gcc  -c -g -O2  conftest.c >&5
configure:4221: $? = 0
configure:4234: result: none needed
configure:4259: checking whether gcc understands -c and -o together
configure:4281: gcc -c conftest.c -o conftest2.o
configure:4284: $? = 0
configure:4281: gcc -c conftest.c -o conftest2.o
configure:4284: $? = 0
configure:4296: result: yes
configure:4315: checking dependency style of gcc
configure:4426: result: gcc3
configure:4446: checking how to run the C preprocessor
configure:4477: gcc -E  conftest.c
configure:4477: $? = 0
configure:4491: gcc -E  conftest.c
conftest.c:11:10: fatal error: 'ac_nonexistent.h' file not found
#include <ac_nonexistent.h>
         ^~~~~~~~~~~~~~~~~~
1 error generated.
configure:4491: $? = 1
configure: failed program was:
| /* confdefs.h */
| #define PACKAGE_NAME "sparsehash"
| #define PACKAGE_TARNAME "sparsehash"
| #define PACKAGE_VERSION "2.0.2"
| #define PACKAGE_STRING "sparsehash 2.0.2"
| #define PACKAGE_BUGREPORT "google-sparsehash@googlegroups.com"
| #define PACKAGE_URL ""
| #define PACKAGE "sparsehash"
| #define VERSION "2.0.2"
| /* end confdefs.h.  */
| #include <ac_nonexistent.h>
configure:4516: result: gcc -E
configure:4536: gcc -E  conftest.c
configure:4536: $? = 0
configure:4550: gcc -E  conftest.c
conftest.c:11:10: fatal error: 'ac_nonexistent.h' file not found
#include <ac_nonexistent.h>
         ^~~~~~~~~~~~~~~~~~
1 error generated.
configure:4550: $? = 1
configure: failed program was:
| /* confdefs.h */
| #define PACKAGE_NAME "sparsehash"
| #define PACKAGE_TARNAME "sparsehash"
| #define PACKAGE_VERSION "2.0.2"
| #define PACKAGE_STRING "sparsehash 2.0.2"
| #define PACKAGE_BUGREPORT "google-sparsehash@googlegroups.com"
| #define PACKAGE_URL ""
| #define PACKAGE "sparsehash"
| #define VERSION "2.0.2"
| /* end confdefs.h.  */
| #include <ac_nonexistent.h>
configure:4590: checking for grep that handles long lines and -e
configure:4648: result: /usr/bin/grep
configure:4653: checking for egrep
configure:4715: result: /usr/bin/grep -E
configure:4720: checking for ANSI C header files
configure:4740: gcc -c -g -O2  conftest.c >&5
configure:4740: $? = 0
configure:4813: gcc -o conftest -g -O2   conftest.c  >&5
configure:4813: $? = 0
configure:4813: ./conftest
configure:4813: $? = 0
configure:4824: result: yes
configure:4835: checking for memcpy
configure:4835: gcc -o conftest -g -O2   conftest.c  >&5
conftest.c:35:6: warning: incompatible redeclaration of library function 'memcpy' [-Wincompatible-library-redeclaration]
char memcpy ();
     ^
conftest.c:35:6: note: 'memcpy' is a builtin with type 'void *(void *, const void *, unsigned long)'
1 warning generated.
configure:4835: $? = 0
configure:4835: result: yes
configure:4835: checking for memmove
configure:4835: gcc -o conftest -g -O2   conftest.c  >&5
conftest.c:36:6: warning: incompatible redeclaration of library function 'memmove' [-Wincompatible-library-redeclaration]
char memmove ();
     ^
conftest.c:36:6: note: 'memmove' is a builtin with type 'void *(void *, const void *, unsigned long)'
1 warning generated.
configure:4835: $? = 0
configure:4835: result: yes
configure:4849: checking for sys/types.h
configure:4849: gcc -c -g -O2  conftest.c >&5
configure:4849: $? = 0
configure:4849: result: yes
configure:4849: checking for sys/stat.h
configure:4849: gcc -c -g -O2  conftest.c >&5
configure:4849: $? = 0
configure:4849: result: yes
configure:4849: checking for stdlib.h
configure:4849: gcc -c -g -O2  conftest.c >&5
configure:4849: $? = 0
configure:4849: result: yes
configure:4849: checking for string.h
configure:4849: gcc -c -g -O2  conftest.c >&5
configure:4849: $? = 0
configure:4849: result: yes
configure:4849: checking for memory.h
configure:4849: gcc -c -g -O2  conftest.c >&5
configure:4849: $? = 0
configure:4849: result: yes
configure:4849: checking for strings.h
configure:4849: gcc -c -g -O2  conftest.c >&5
configure:4849: $? = 0
configure:4849: result: yes
configure:4849: checking for inttypes.h
configure:4849: gcc -c -g -O2  conftest.c >&5
configure:4849: $? = 0
configure:4849: result: yes
configure:4849: checking for stdint.h
configure:4849: gcc -c -g -O2  conftest.c >&5
configure:4849: $? = 0
configure:4849: result: yes
configure:4849: checking for unistd.h
configure:4849: gcc -c -g -O2  conftest.c >&5
configure:4849: $? = 0
configure:4849: result: yes
configure:4861: checking for uint16_t
configure:4861: gcc -c -g -O2  conftest.c >&5
configure:4861: $? = 0
configure:4861: gcc -c -g -O2  conftest.c >&5
conftest.c:59:23: error: expected expression
if (sizeof ((uint16_t)))
                      ^
1 error generated.
configure:4861: $? = 1
configure: failed program was:
| /* confdefs.h */
| #define PACKAGE_NAME "sparsehash"
| #define PACKAGE_TARNAME "sparsehash"
| #define PACKAGE_VERSION "2.0.2"
| #define PACKAGE_STRING "sparsehash 2.0.2"
| #define PACKAGE_BUGREPORT "google-sparsehash@googlegroups.com"
| #define PACKAGE_URL ""
| #define PACKAGE "sparsehash"
| #define VERSION "2.0.2"
| #define STDC_HEADERS 1
| #define HAVE_MEMCPY 1
| #define HAVE_MEMMOVE 1
| #define HAVE_SYS_TYPES_H 1
| #define HAVE_SYS_STAT_H 1
| #define HAVE_STDLIB_H 1
| #define HAVE_STRING_H 1
| #define HAVE_MEMORY_H 1
| #define HAVE_STRINGS_H 1
| #define HAVE_INTTYPES_H 1
| #define HAVE_STDINT_H 1
| #define HAVE_UNISTD_H 1
| /* end confdefs.h.  */
| #include <stdio.h>
| #ifdef HAVE_SYS_TYPES_H
| # include <sys/types.h>
| #endif
| #ifdef HAVE_SYS_STAT_H
| # include <sys/stat.h>
| #endif
| #ifdef STDC_HEADERS
| # include <stdlib.h>
| # include <stddef.h>
| #else
| # ifdef HAVE_STDLIB_H
| #  include <stdlib.h>
| # endif
| #endif
| #ifdef HAVE_STRING_H
| # if !defined STDC_HEADERS && defined HAVE_MEMORY_H
| #  include <memory.h>
| # endif
| # include <string.h>
| #endif
| #ifdef HAVE_STRINGS_H
| # include <strings.h>
| #endif
| #ifdef HAVE_INTTYPES_H
| # include <inttypes.h>
| #endif
| #ifdef HAVE_STDINT_H
| # include <stdint.h>
| #endif
| #ifdef HAVE_UNISTD_H
| # include <unistd.h>
| #endif
| int
| main ()
| {
| if (sizeof ((uint16_t)))
| 	    return 0;
|   ;
|   return 0;
| }
configure:4861: result: yes
configure:4871: checking for u_int16_t
configure:4871: gcc -c -g -O2  conftest.c >&5
configure:4871: $? = 0
configure:4871: gcc -c -g -O2  conftest.c >&5
conftest.c:60:24: error: expected expression
if (sizeof ((u_int16_t)))
                       ^
1 error generated.
configure:4871: $? = 1
configure: failed program was:
| /* confdefs.h */
| #define PACKAGE_NAME "sparsehash"
| #define PACKAGE_TARNAME "sparsehash"
| #define PACKAGE_VERSION "2.0.2"
| #define PACKAGE_STRING "sparsehash 2.0.2"
| #define PACKAGE_BUGREPORT "google-sparsehash@googlegroups.com"
| #define PACKAGE_URL ""
| #define PACKAGE "sparsehash"
| #define VERSION "2.0.2"
| #define STDC_HEADERS 1
| #define HAVE_MEMCPY 1
| #define HAVE_MEMMOVE 1
| #define HAVE_SYS_TYPES_H 1
| #define HAVE_SYS_STAT_H 1
| #define HAVE_STDLIB_H 1
| #define HAVE_STRING_H 1
| #define HAVE_MEMORY_H 1
| #define HAVE_STRINGS_H 1
| #define HAVE_INTTYPES_H 1
| #define HAVE_STDINT_H 1
| #define HAVE_UNISTD_H 1
| #define HAVE_UINT16_T 1
| /* end confdefs.h.  */
| #include <stdio.h>
| #ifdef HAVE_SYS_TYPES_H
| # include <sys/types.h>
| #endif
| #ifdef HAVE_SYS_STAT_H
| # include <sys/stat.h>
| #endif
| #ifdef STDC_HEADERS
| # include <stdlib.h>
| # include <stddef.h>
| #else
| # ifdef HAVE_STDLIB_H
| #  include <stdlib.h>
| # endif
| #endif
| #ifdef HAVE_STRING_H
| # if !defined STDC_HEADERS && defined HAVE_MEMORY_H
| #  include <memory.h>
| # endif
| # include <string.h>
| #endif
| #ifdef HAVE_STRINGS_H
| # include <strings.h>
| #endif
| #ifdef HAVE_INTTYPES_H
| # include <inttypes.h>
| #endif
| #ifdef HAVE_STDINT_H
| # include <stdint.h>
| #endif
| #ifdef HAVE_UNISTD_H
| # include <unistd.h>
| #endif
| int
| main ()
| {
| if (sizeof ((u_int16_t)))
| 	    return 0;
|   ;
|   return 0;
| }
configure:4871: result: yes
configure:4881: checking for __uint16
configure:4881: gcc -c -g -O2  conftest.c >&5
conftest.c:61:13: error: use of undeclared identifier '__uint16'
if (sizeof (__uint16))
            ^
1 error generated.
configure:4881: $? = 1
configure: failed program was:
| /* confdefs.h */
| #define PACKAGE_NAME "sparsehash"
| #define PACKAGE_TARNAME "sparsehash"
| #define PACKAGE_VERSION "2.0.2"
| #define PACKAGE_STRING "sparsehash 2.0.2"
| #define PACKAGE_BUGREPORT "google-sparsehash@googlegroups.com"
| #define PACKAGE_URL ""
| #define PACKAGE "sparsehash"
| #define VERSION "2.0.2"
| #define STDC_HEADERS 1
| #define HAVE_MEMCPY 1
| #define HAVE_MEMMOVE 1
| #define HAVE_SYS_TYPES_H 1
| #define HAVE_SYS_STAT_H 1
| #define HAVE_STDLIB_H 1
| #define HAVE_STRING_H 1
| #define HAVE_MEMORY_H 1
| #define HAVE_STRINGS_H 1
| #define HAVE_INTTYPES_H 1
| #define HAVE_STDINT_H 1
| #define HAVE_UNISTD_H 1
| #define HAVE_UINT16_T 1
| #define HAVE_U_INT16_T 1
| /* end confdefs.h.  */
| #include <stdio.h>
| #ifdef HAVE_SYS_TYPES_H
| # include <sys/types.h>
| #endif
| #ifdef HAVE_SYS_STAT_H
| # include <sys/stat.h>
| #endif
| #ifdef STDC_HEADERS
| # include <stdlib.h>
| # include <stddef.h>
| #else
| # ifdef HAVE_STDLIB_H
| #  include <stdlib.h>
| # endif
| #endif
| #ifdef HAVE_STRING_H
| # if !defined STDC_HEADERS && defined HAVE_MEMORY_H
| #  include <memory.h>
| # endif
| # include <string.h>
| #endif
| #ifdef HAVE_STRINGS_H
| # include <strings.h>
| #endif
| #ifdef HAVE_INTTYPES_H
| # include <inttypes.h>
| #endif
| #ifdef HAVE_STDINT_H
| # include <stdint.h>
| #endif
| #ifdef HAVE_UNISTD_H
| # include <unistd.h>
| #endif
| int
| main ()
| {
| if (sizeof (__uint16))
| 	 return 0;
|   ;
|   return 0;
| }
configure:4881: result: no
configure:4891: checking for long long
configure:4891: gcc -c -g -O2  conftest.c >&5
configure:4891: $? = 0
configure:4891: gcc -c -g -O2  conftest.c >&5
conftest.c:61:24: error: expected expression
if (sizeof ((long long)))
                       ^
1 error generated.
configure:4891: $? = 1
configure: failed program was:
| /* confdefs.h */
| #define PACKAGE_NAME "sparsehash"
| #define PACKAGE_TARNAME "sparsehash"
| #define PACKAGE_VERSION "2.0.2"
| #define PACKAGE_STRING "sparsehash 2.0.2"
| #define PACKAGE_BUGREPORT "google-sparsehash@googlegroups.com"
| #define PACKAGE_URL ""
| #define PACKAGE "sparsehash"
| #define VERSION "2.0.2"
| #define STDC_HEADERS 1
| #define HAVE_MEMCPY 1
| #define HAVE_MEMMOVE 1
| #define HAVE_SYS_TYPES_H 1
| #define HAVE_SYS_STAT_H 1
| #define HAVE_STDLIB_H 1
| #define HAVE_STRING_H 1
| #define HAVE_MEMORY_H 1
| #define HAVE_STRINGS_H 1
| #define HAVE_INTTYPES_H 1
| #define HAVE_STDINT_H 1
| #define HAVE_UNISTD_H 1
| #define HAVE_UINT16_T 1
| #define HAVE_U_INT16_T 1
| /* end confdefs.h.  */
| #include <stdio.h>
| #ifdef HAVE_SYS_TYPES_H
| # include <sys/types.h>
| #endif
| #ifdef HAVE_SYS_STAT_H
| # include <sys/stat.h>
| #endif
| #ifdef STDC_HEADERS
| # include <stdlib.h>
| # include <stddef.h>
| #else
| # ifdef HAVE_STDLIB_H
| #  include <stdlib.h>
| # endif
| #endif
| #ifdef HAVE_STRING_H
| # if !defined STDC_HEADERS && defined HAVE_MEMORY_H
| #  include <memory.h>
| # endif
| # include <string.h>
| #endif
| #ifdef HAVE_STRINGS_H
| # include <strings.h>
| #endif
| #ifdef HAVE_INTTYPES_H
| # include <inttypes.h>
| #endif
| #ifdef HAVE_STDINT_H
| # include <stdint.h>
| #endif
| #ifdef HAVE_UNISTD_H
| # include <unistd.h>
| #endif
| int
| main ()
| {
| if (sizeof ((long long)))
| 	    return 0;
|   ;
|   return 0;
| }
configure:4891: result: yes
configure:4906: checking sys/resource.h usability
configure:4906: gcc -c -g -O2  conftest.c >&5
configure:4906: $? = 0
configure:4906: result: yes
configure:4906: checking sys/resource.h presence
configure:4906: gcc -E  conftest.c
configure:4906: $? = 0
configure:4906: result: yes
configure:4906: checking for sys/resource.h
configure:4906: result: yes
configure:4906: checking for unistd.h
configure:4906: result: yes
configure:4906: checking sys/time.h usability
configure:4906: gcc -c -g -O2  conftest.c >&5
configure:4906: $? = 0
configure:4906: result: yes
configure:4906: checking sys/time.h presence
configure:4906: gcc -E  conftest.c
configure:4906: $? = 0
configure:4906: result: yes
configure:4906: checking for sys/time.h
configure:4906: result: yes
configure:4906: checking sys/utsname.h usability
configure:4906: gcc -c -g -O2  conftest.c >&5
configure:4906: $? = 0
configure:4906: result: yes
configure:4906: checking sys/utsname.h presence
configure:4906: gcc -E  conftest.c
configure:4906: $? = 0
configure:4906: result: yes
configure:4906: checking for sys/utsname.h
configure:4906: result: yes
configure:4932: checking how to run the C++ preprocessor
configure:4959: g++ -E  conftest.cpp
configure:4959: $? = 0
configure:4973: g++ -E  conftest.cpp
conftest.cpp:30:10: fatal error: 'ac_nonexistent.h' file not found
#include <ac_nonexistent.h>
         ^~~~~~~~~~~~~~~~~~
1 error generated.
configure:4973: $? = 1
configure: failed program was:
| /* confdefs.h */
| #define PACKAGE_NAME "sparsehash"
| #define PACKAGE_TARNAME "sparsehash"
| #define PACKAGE_VERSION "2.0.2"
| #define PACKAGE_STRING "sparsehash 2.0.2"
| #define PACKAGE_BUGREPORT "google-sparsehash@googlegroups.com"
| #define PACKAGE_URL ""
| #define PACKAGE "sparsehash"
| #define VERSION "2.0.2"
| #define STDC_HEADERS 1
| #define HAVE_MEMCPY 1
| #define HAVE_MEMMOVE 1
| #define HAVE_SYS_TYPES_H 1
| #define HAVE_SYS_STAT_H 1
| #define HAVE_STDLIB_H 1
| #define HAVE_STRING_H 1
| #define HAVE_MEMORY_H 1
| #define HAVE_STRINGS_H 1
| #define HAVE_INTTYPES_H 1
| #define HAVE_STDINT_H 1
| #define HAVE_UNISTD_H 1
| #define HAVE_UINT16_T 1
| #define HAVE_U_INT16_T 1
| #define HAVE_LONG_LONG 1
| #define HAVE_SYS_RESOURCE_H 1
| #define HAVE_UNISTD_H 1
| #define HAVE_SYS_TIME_H 1
| #define HAVE_SYS_UTSNAME_H 1
| /* end confdefs.h.  */
| #include <ac_nonexistent.h>
configure:4998: result: g++ -E
configure:5018: g++ -E  conftest.cpp
configure:5018: $? = 0
configure:5032: g++ -E  conftest.cpp
conftest.cpp:30:10: fatal error: 'ac_nonexistent.h' file not found
#include <ac_nonexistent.h>
         ^~~~~~~~~~~~~~~~~~
1 error generated.
configure:5032: $? = 1
configure: failed program was:
| /* confdefs.h */
| #define PACKAGE_NAME "sparsehash"
| #define PACKAGE_TARNAME "sparsehash"
| #define PACKAGE_VERSION "2.0.2"
| #define PACKAGE_STRING "sparsehash 2.0.2"
| #define PACKAGE_BUGREPORT "google-sparsehash@googlegroups.com"
| #define PACKAGE_URL ""
| #define PACKAGE "sparsehash"
| #define VERSION "2.0.2"
| #define STDC_HEADERS 1
| #define HAVE_MEMCPY 1
| #define HAVE_MEMMOVE 1
| #define HAVE_SYS_TYPES_H 1
| #define HAVE_SYS_STAT_H 1
| #define HAVE_STDLIB_H 1
| #define HAVE_STRING_H 1
| #define HAVE_MEMORY_H 1
| #define HAVE_STRINGS_H 1
| #define HAVE_INTTYPES_H 1
| #define HAVE_STDINT_H 1
| #define HAVE_UNISTD_H 1
| #define HAVE_UINT16_T 1
| #define HAVE_U_INT16_T 1
| #define HAVE_LONG_LONG 1
| #define HAVE_SYS_RESOURCE_H 1
| #define HAVE_UNISTD_H 1
| #define HAVE_SYS_TIME_H 1
| #define HAVE_SYS_UTSNAME_H 1
| /* end confdefs.h.  */
| #include <ac_nonexistent.h>
configure:5063: checking google/malloc_extension.h usability
configure:5063: g++ -c -g -O2  conftest.cpp >&5
conftest.cpp:63:10: fatal error: 'google/malloc_extension.h' file not found
#include <google/malloc_extension.h>
         ^~~~~~~~~~~~~~~~~~~~~~~~~~~
1 error generated.
configure:5063: $? = 1
configure: failed program was:
| /* confdefs.h */
| #define PACKAGE_NAME "sparsehash"
| #define PACKAGE_TARNAME "sparsehash"
| #define PACKAGE_VERSION "2.0.2"
| #define PACKAGE_STRING "sparsehash 2.0.2"
| #define PACKAGE_BUGREPORT "google-sparsehash@googlegroups.com"
| #define PACKAGE_URL ""
| #define PACKAGE "sparsehash"
| #define VERSION "2.0.2"
| #define STDC_HEADERS 1
| #define HAVE_MEMCPY 1
| #define HAVE_MEMMOVE 1
| #define HAVE_SYS_TYPES_H 1
| #define HAVE_SYS_STAT_H 1
| #define HAVE_STDLIB_H 1
| #define HAVE_STRING_H 1
| #define HAVE_MEMORY_H 1
| #define HAVE_STRINGS_H 1
| #define HAVE_INTTYPES_H 1
| #define HAVE_STDINT_H 1
| #define HAVE_UNISTD_H 1
| #define HAVE_UINT16_T 1
| #define HAVE_U_INT16_T 1
| #define HAVE_LONG_LONG 1
| #define HAVE_SYS_RESOURCE_H 1
| #define HAVE_UNISTD_H 1
| #define HAVE_SYS_TIME_H 1
| #define HAVE_SYS_UTSNAME_H 1
| /* end confdefs.h.  */
| #include <stdio.h>
| #ifdef HAVE_SYS_TYPES_H
| # include <sys/types.h>
| #endif
| #ifdef HAVE_SYS_STAT_H
| # include <sys/stat.h>
| #endif
| #ifdef STDC_HEADERS
| # include <stdlib.h>
| # include <stddef.h>
| #else
| # ifdef HAVE_STDLIB_H
| #  include <stdlib.h>
| # endif
| #endif
| #ifdef HAVE_STRING_H
| # if !defined STDC_HEADERS && defined HAVE_MEMORY_H
| #  include <memory.h>
| # endif
| # include <string.h>
| #endif
| #ifdef HAVE_STRINGS_H
| # include <strings.h>
| #endif
| #ifdef HAVE_INTTYPES_H
| # include <inttypes.h>
| #endif
| #ifdef HAVE_STDINT_H
| # include <stdint.h>
| #endif
| #ifdef HAVE_UNISTD_H
| # include <unistd.h>
| #endif
| #include <google/malloc_extension.h>
configure:5063: result: no
configure:5063: checking google/malloc_extension.h presence
configure:5063: g++ -E  conftest.cpp
conftest.cpp:30:10: fatal error: 'google/malloc_extension.h' file not found
#include <google/malloc_extension.h>
         ^~~~~~~~~~~~~~~~~~~~~~~~~~~
1 error generated.
configure:5063: $? = 1
configure: failed program was:
| /* confdefs.h */
| #define PACKAGE_NAME "sparsehash"
| #define PACKAGE_TARNAME "sparsehash"
| #define PACKAGE_VERSION "2.0.2"
| #define PACKAGE_STRING "sparsehash 2.0.2"
| #define PACKAGE_BUGREPORT "google-sparsehash@googlegroups.com"
| #define PACKAGE_URL ""
| #define PACKAGE "sparsehash"
| #define VERSION "2.0.2"
| #define STDC_HEADERS 1
| #define HAVE_MEMCPY 1
| #define HAVE_MEMMOVE 1
| #define HAVE_SYS_TYPES_H 1
| #define HAVE_SYS_STAT_H 1
| #define HAVE_STDLIB_H 1
| #define HAVE_STRING_H 1
| #define HAVE_MEMORY_H 1
| #define HAVE_STRINGS_H 1
| #define HAVE_INTTYPES_H 1
| #define HAVE_STDINT_H 1
| #define HAVE_UNISTD_H 1
| #define HAVE_UINT16_T 1
| #define HAVE_U_INT16_T 1
| #define HAVE_LONG_LONG 1
| #define HAVE_SYS_RESOURCE_H 1
| #define HAVE_UNISTD_H 1
| #define HAVE_SYS_TIME_H 1
| #define HAVE_SYS_UTSNAME_H 1
| /* end confdefs.h.  */
| #include <google/malloc_extension.h>
configure:5063: result: no
configure:5063: checking for google/malloc_extension.h
configure:5063: result: no
configure:5751: checking whether the compiler implements namespaces
configure:5775: g++ -c -g -O2  conftest.cpp >&5
configure:5775: $? = 0
configure:5788: result: yes
configure:5796: checking the location of hash_map
configure:5822: g++ -c -g -O2  conftest.cpp >&5
configure:5822: $? = 0
configure:5844: g++ -c -g -O2  conftest.cpp >&5
configure:5844: $? = 0
configure:5905: result: <unordered_map>
configure:5915: checking how to include hash_fun directly
configure:5941: g++ -c -g -O2  conftest.cpp >&5
configure:5941: $? = 0
configure:5963: result: <functional>
configure:6133: checking that generated files are newer than configure
configure:6139: result: done
configure:6170: creating ./config.status

## ---------------------- ##
## Running config.status. ##
## ---------------------- ##

This file was extended by sparsehash config.status 2.0.2, which was
generated by GNU Autoconf 2.69.  Invocation command line was

  CONFIG_FILES    = 
  CONFIG_HEADERS  = 
  CONFIG_LINKS    = 
  CONFIG_COMMANDS = 
  $ ./config.status 

on MBP.local

config.status:898: creating Makefile
config.status:898: creating src/config.h
config.status:1079: src/config.h is unchanged
config.status:1127: executing depfiles commands
config.status:1204: cd .       && sed -e '/# am--include-marker/d' Makefile         | make -f - am--depfiles
make: Nothing to be done for `am--depfiles'.
config.status:1209: $? = 0

## ---------------- ##
## Cache variables. ##
## ---------------- ##

ac_cv_c_compiler_gnu=yes
ac_cv_cxx_compiler_gnu=yes
ac_cv_cxx_hash_map='<unordered_map>'
ac_cv_cxx_hash_namespace=std
ac_cv_cxx_hash_set='<unordered_set>'
ac_cv_cxx_have_unordered_map=yes
ac_cv_cxx_namespaces=yes
ac_cv_cxx_stl_hash_fun='<functional>'
ac_cv_env_CCC_set=
ac_cv_env_CCC_value=
ac_cv_env_CC_set=
ac_cv_env_CC_value=
ac_cv_env_CFLAGS_set=
ac_cv_env_CFLAGS_value=
ac_cv_env_CPPFLAGS_set=
ac_cv_env_CPPFLAGS_value=
ac_cv_env_CPP_set=
ac_cv_env_CPP_value=
ac_cv_env_CXXCPP_set=
ac_cv_env_CXXCPP_value=
ac_cv_env_CXXFLAGS_set=
ac_cv_env_CXXFLAGS_value=
ac_cv_env_CXX_set=
ac_cv_env_CXX_value=
ac_cv_env_LDFLAGS_set=
ac_cv_env_LDFLAGS_value=
ac_cv_env_LIBS_set=
ac_cv_env_LIBS_value=
ac_cv_env_build_alias_set=
ac_cv_env_build_alias_value=
ac_cv_env_host_alias_set=
ac_cv_env_host_alias_value=
ac_cv_env_target_alias_set=
ac_cv_env_target_alias_value=
ac_cv_func_memcpy=yes
ac_cv_func_memmove=yes
ac_cv_header_google_malloc_extension_h=no
ac_cv_header_inttypes_h=yes
ac_cv_header_memory_h=yes
ac_cv_header_stdc=yes
ac_cv_header_stdint_h=yes
ac_cv_header_stdlib_h=yes
ac_cv_header_string_h=yes
ac_cv_header_strings_h=yes
ac_cv_header_sys_resource_h=yes
ac_cv_header_sys_stat_h=yes
ac_cv_header_sys_time_h=yes
ac_cv_header_sys_types_h=yes
ac_cv_header_sys_utsname_h=yes
ac_cv_header_unistd_h=yes
ac_cv_objext=o
ac_cv_path_EGREP='/usr/bin/grep -E'
ac_cv_path_GREP=/usr/bin/grep
ac_cv_path_install='/usr/local/bin/ginstall -c'
ac_cv_path_mkdir=/usr/local/bin/gmkdir
ac_cv_prog_AWK=awk
ac_cv_prog_CPP='gcc -E'
ac_cv_prog_CXXCPP='g++ -E'
ac_cv_prog_ac_ct_CC=gcc
ac_cv_prog_ac_ct_CXX=g++
ac_cv_prog_cc_c89=
ac_cv_prog_cc_g=yes
ac_cv_prog_cxx_g=yes
ac_cv_prog_make_make_set=yes
ac_cv_type___uint16=no
ac_cv_type_long_long=yes
ac_cv_type_u_int16_t=yes
ac_cv_type_uint16_t=yes
am_cv_CC_dependencies_compiler_type=gcc3
am_cv_CXX_dependencies_compiler_type=gcc3
am_cv_make_support_nested_variables=yes
am_cv_prog_cc_c_o=yes

## ----------------- ##
## Output variables. ##
## ----------------- ##

ACLOCAL='${SHELL} /Users/bovenson/Git/CppDemo/map-benchmark/sparsehash/missing aclocal-1.16'
AMDEPBACKSLASH='\'
AMDEP_FALSE='#'
AMDEP_TRUE=''
AMTAR='$${TAR-tar}'
AM_BACKSLASH='\'
AM_DEFAULT_V='$(AM_DEFAULT_VERBOSITY)'
AM_DEFAULT_VERBOSITY='1'
AM_V='$(V)'
AUTOCONF='${SHELL} /Users/bovenson/Git/CppDemo/map-benchmark/sparsehash/missing autoconf'
AUTOHEADER='${SHELL} /Users/bovenson/Git/CppDemo/map-benchmark/sparsehash/missing autoheader'
AUTOMAKE='${SHELL} /Users/bovenson/Git/CppDemo/map-benchmark/sparsehash/missing automake-1.16'
AWK='awk'
CC='gcc'
CCDEPMODE='depmode=gcc3'
CFLAGS='-g -O2'
CPP='gcc -E'
CPPFLAGS=''
CXX='g++'
CXXCPP='g++ -E'
CXXDEPMODE='depmode=gcc3'
CXXFLAGS='-g -O2'
CYGPATH_W='echo'
DEFS='-DHAVE_CONFIG_H'
DEPDIR='.deps'
ECHO_C='\c'
ECHO_N=''
ECHO_T=''
EGREP='/usr/bin/grep -E'
EXEEXT=''
GCC_FALSE='#'
GCC_TRUE=''
GREP='/usr/bin/grep'
INSTALL_DATA='${INSTALL} -m 644'
INSTALL_PROGRAM='${INSTALL}'
INSTALL_SCRIPT='${INSTALL}'
INSTALL_STRIP_PROGRAM='$(install_sh) -c -s'
LDFLAGS=''
LIBOBJS=''
LIBS=''
LTLIBOBJS=''
MAKEINFO='${SHELL} /Users/bovenson/Git/CppDemo/map-benchmark/sparsehash/missing makeinfo'
MKDIR_P='/usr/local/bin/gmkdir -p'
OBJEXT='o'
PACKAGE='sparsehash'
PACKAGE_BUGREPORT='google-sparsehash@googlegroups.com'
PACKAGE_NAME='sparsehash'
PACKAGE_STRING='sparsehash 2.0.2'
PACKAGE_TARNAME='sparsehash'
PACKAGE_URL=''
PACKAGE_VERSION='2.0.2'
PATH_SEPARATOR=':'
PTHREAD_CC=''
PTHREAD_CFLAGS=''
PTHREAD_LIBS=''
SET_MAKE=''
SHELL='/bin/sh'
STRIP=''
VERSION='2.0.2'
ac_ct_CC='gcc'
ac_ct_CXX='g++'
acx_pthread_config=''
am__EXEEXT_FALSE=''
am__EXEEXT_TRUE='#'
am__fastdepCC_FALSE='#'
am__fastdepCC_TRUE=''
am__fastdepCXX_FALSE='#'
am__fastdepCXX_TRUE=''
am__include='include'
am__isrc=''
am__leading_dot='.'
am__nodep='_no'
am__quote=''
am__tar='$${TAR-tar} chof - "$$tardir"'
am__untar='$${TAR-tar} xf -'
bindir='${exec_prefix}/bin'
build=''
build_alias=''
build_cpu=''
build_os=''
build_vendor=''
datadir='${datarootdir}'
datarootdir='${prefix}/share'
docdir='${datarootdir}/doc/${PACKAGE_TARNAME}'
dvidir='${docdir}'
exec_prefix='${prefix}'
host=''
host_alias=''
host_cpu=''
host_os=''
host_vendor=''
htmldir='${docdir}'
includedir='${prefix}/include'
infodir='${datarootdir}/info'
install_sh='${SHELL} /Users/bovenson/Git/CppDemo/map-benchmark/sparsehash/install-sh'
libdir='${exec_prefix}/lib'
libexecdir='${exec_prefix}/libexec'
localedir='${datarootdir}/locale'
localstatedir='${prefix}/var'
mandir='${datarootdir}/man'
mkdir_p='$(MKDIR_P)'
oldincludedir='/usr/include'
pdfdir='${docdir}'
prefix='/usr/local'
program_transform_name='s,x,x,'
psdir='${docdir}'
sbindir='${exec_prefix}/sbin'
sharedstatedir='${prefix}/com'
sysconfdir='${prefix}/etc'
target_alias=''
tcmalloc_flags=''
tcmalloc_libs=''

## ----------- ##
## confdefs.h. ##
## ----------- ##

/* confdefs.h */
#define PACKAGE_NAME "sparsehash"
#define PACKAGE_TARNAME "sparsehash"
#define PACKAGE_VERSION "2.0.2"
#define PACKAGE_STRING "sparsehash 2.0.2"
#define PACKAGE_BUGREPORT "google-sparsehash@googlegroups.com"
#define PACKAGE_URL ""
#define PACKAGE "sparsehash"
#define VERSION "2.0.2"
#define STDC_HEADERS 1
#define HAVE_MEMCPY 1
#define HAVE_MEMMOVE 1
#define HAVE_SYS_TYPES_H 1
#define HAVE_SYS_STAT_H 1
#define HAVE_STDLIB_H 1
#define HAVE_STRING_H 1
#define HAVE_MEMORY_H 1
#define HAVE_STRINGS_H 1
#define HAVE_INTTYPES_H 1
#define HAVE_STDINT_H 1
#define HAVE_UNISTD_H 1
#define HAVE_UINT16_T 1
#define HAVE_U_INT16_T 1
#define HAVE_LONG_LONG 1
#define HAVE_SYS_RESOURCE_H 1
#define HAVE_UNISTD_H 1
#define HAVE_SYS_TIME_H 1
#define HAVE_SYS_UTSNAME_H 1
#define HAVE_NAMESPACES 1
#define HAVE_HASH_MAP 1
#define HAVE_HASH_SET 1
#define HASH_MAP_H <unordered_map>
#define HASH_SET_H <unordered_set>
#define HASH_NAMESPACE std
#define HAVE_UNORDERED_MAP 1
#define HASH_FUN_H <functional>
#define HASH_NAMESPACE std
#define GOOGLE_NAMESPACE ::google
#define _START_GOOGLE_NAMESPACE_ namespace google {
#define _END_GOOGLE_NAMESPACE_ }
#define SPARSEHASH_HASH_NO_NAMESPACE hash
#define SPARSEHASH_HASH HASH_NAMESPACE::hash

configure: exit 0
